2020-12-20 15:46:12 Loading main app package /tmp/.mount_obsidiimzpSf/resources/obsidian.asar
2020-12-20 15:46:12 Checking for update using Github
2020-12-20 15:46:20 Success.
2020-12-20 15:46:20 Latest version is 0.9.22
2020-12-20 15:46:20 App is up to date.
2020-12-20 15:56:24 Loading main app package /tmp/.mount_obsidiow0aGU/resources/obsidian.asar
2020-12-20 15:56:24 Checking for update using Github
2020-12-20 15:56:26 Success.
2020-12-20 15:56:26 Latest version is 0.9.22
2020-12-20 15:56:26 App is up to date.
2020-12-21 13:49:08 Loading main app package /tmp/.mount_obsidi9hTFEa/resources/obsidian.asar
2020-12-21 13:49:09 Checking for update using Github
2020-12-21 13:49:14 Success.
2020-12-21 13:49:14 Latest version is 0.9.22
2020-12-21 13:49:14 App is up to date.
2020-12-21 14:45:48 Loading main app package /tmp/.mount_obsidivt5EMR/resources/obsidian.asar
2020-12-21 14:45:48 Checking for update using Github
2020-12-21 14:49:09 Checking for update using Github
2020-12-21 14:49:09 Success.
2020-12-21 14:49:09 Latest version is 0.9.22
2020-12-21 14:49:09 App is up to date.
2020-12-21 15:49:09 Checking for update using Github
2020-12-21 15:49:09 Success.
2020-12-21 15:49:09 Latest version is 0.9.22
2020-12-21 15:49:09 App is up to date.
2020-12-22 14:40:50 Loading main app package /tmp/.mount_obsidiYl43Vn/resources/obsidian.asar
2020-12-22 14:40:50 Checking for update using Github
2020-12-22 14:40:51 Success.
2020-12-22 14:40:51 Latest version is 0.10.1
2020-12-22 14:40:51 Downloading update from https://github.com/obsidianmd/obsidian-releases/releases/download/v0.10.1/obsidian-0.10.1.asar.gz
2020-12-22 14:40:59 Verifying hash & signature
2020-12-22 14:40:59 Saving file
2020-12-22 14:40:59 Update complete.
2020-12-22 14:47:09 Loading updated app package /home/hugo/.config/obsidian/obsidian-0.10.1.asar
2020-12-22 14:47:10 Checking for update using Github
2020-12-22 14:47:10 Success.
2020-12-22 14:47:10 Latest version is 0.10.1
2020-12-22 14:47:10 App is up to date.
2020-12-22 15:14:33 Loading updated app package /home/hugo/.config/obsidian/obsidian-0.10.1.asar
2020-12-22 15:14:33 Checking for update using Github
2020-12-22 15:14:36 Success.
2020-12-22 15:14:36 Latest version is 0.10.1
2020-12-22 15:14:36 App is up to date.
2020-12-22 16:00:01 Loading updated app package /home/hugo/.config/obsidian/obsidian-0.10.1.asar
2020-12-22 16:00:01 Checking for update using Github
2020-12-22 16:00:02 Failed to check for update using Github (net::ERR_CONNECTION_CLOSED)
2020-12-22 16:00:02 Checking for update using obsidian.md
2020-12-22 16:00:04 Success.
2020-12-22 16:00:04 Latest version is 0.10.1
2020-12-22 16:00:04 App is up to date.
2020-12-22 16:00:59 Loading updated app package /home/hugo/.config/obsidian/obsidian-0.10.1.asar
2020-12-22 16:00:59 Checking for update using Github
2020-12-22 16:01:00 Success.
2020-12-22 16:01:00 Latest version is 0.10.1
2020-12-22 16:01:00 App is up to date.
2020-12-23 14:35:22 Loading updated app package /home/hugo/.config/obsidian/obsidian-0.10.1.asar
2020-12-23 14:35:22 Checking for update using Github
2020-12-23 14:35:23 Success.
2020-12-23 14:35:23 Latest version is 0.10.1
2020-12-23 14:35:23 App is up to date.
2020-12-24 14:35:06 Loading updated app package /home/hugo/.config/obsidian/obsidian-0.10.1.asar
2020-12-24 14:35:07 Checking for update using Github
2020-12-24 14:35:28 Success.
2020-12-24 14:35:28 Latest version is 0.10.1
2020-12-24 14:35:28 App is up to date.
2020-12-24 16:18:52 Loading updated app package /home/hugo/.config/obsidian/obsidian-0.10.1.asar
2020-12-24 16:18:52 Checking for update using Github
2020-12-24 16:19:01 Success.
2020-12-24 16:19:01 Latest version is 0.10.1
2020-12-24 16:19:01 App is up to date.
2020-12-24 16:32:34 Loading updated app package /home/hugo/.config/obsidian/obsidian-0.10.1.asar
2020-12-24 16:32:35 Checking for update using Github
2020-12-24 16:32:35 Success.
2020-12-24 16:32:35 Latest version is 0.10.1
2020-12-24 16:32:35 App is up to date.
